app/build/intermediates/manifest_merge_blame_file/debug/processDebugMainManifest/manifest-merger-blame-debug-report.txt
1<?xml version="1.0" encoding="utf-8"?>
2<manifest xmlns:android="http://schemas.android.com/apk/res/android"
3    package="com.example.nkbtradesphere"
4    android:versionCode="1"
5    android:versionName="1.0" >
6
7    <uses-sdk
7-->INJECTED
8        android:minSdkVersion="24"
8-->INJECTED
9        android:targetSdkVersion="34" />
9-->INJECTED
10
11    <uses-permission android:name="android.permission.INTERNET" />
11-->src\main\AndroidManifest.xml:4:5-67
11-->src\main\AndroidManifest.xml:4:22-64
12    <uses-permission android:name="android.permission.POST_NOTIFICATIONS" />
12-->src\main\AndroidManifest.xml:5:5-77
12-->src\main\AndroidManifest.xml:5:22-74
13
14    <permission
14-->[androidx.core:core:1.13.0] AndroidManifest.xml:22:5-24:47
15        android:name="com.example.nkbtradesphere.DYNAMIC_RECEIVER_NOT_EXPORTED_PERMISSION"
15-->[androidx.core:core:1.13.0] AndroidManifest.xml:23:9-81
16        android:protectionLevel="signature" />
16-->[androidx.core:core:1.13.0] AndroidManifest.xml:24:9-44
17
18    <uses-permission android:name="com.example.nkbtradesphere.DYNAMIC_RECEIVER_NOT_EXPORTED_PERMISSION" />
18-->[androidx.core:core:1.13.0] AndroidManifest.xml:26:5-97
18-->[androidx.core:core:1.13.0] AndroidManifest.xml:26:22-94
19
20    <application
20-->src\main\AndroidManifest.xml:7:5-75:19
21        android:allowBackup="true"
21-->src\main\AndroidManifest.xml:8:9-35
22        android:appComponentFactory="androidx.core.app.CoreComponentFactory"
22-->[androidx.core:core:1.13.0] AndroidManifest.xml:28:18-86
23        android:dataExtractionRules="@xml/data_extraction_rules"
23-->src\main\AndroidManifest.xml:9:9-65
24        android:debuggable="true"
25        android:extractNativeLibs="false"
25-->INJECTED
26        android:fullBackupContent="@xml/backup_rules"
26-->src\main\AndroidManifest.xml:10:9-54
27        android:icon="@drawable/h_logo"
27-->src\main\AndroidManifest.xml:11:9-40
28        android:label="TradeSphere"
28-->src\main\AndroidManifest.xml:12:9-36
29        android:roundIcon="@drawable/h_logo"
29-->src\main\AndroidManifest.xml:13:9-45
30        android:supportsRtl="true"
30-->src\main\AndroidManifest.xml:14:9-35
31        android:testOnly="true"
32        android:theme="@style/Theme.NKBTradeSphere" >
32-->src\main\AndroidManifest.xml:15:9-52
33        <activity
33-->src\main\AndroidManifest.xml:16:9-18:40
34            android:name="com.example.nkbtradesphere.ui.auth.NewPasswordActivity"
34-->src\main\AndroidManifest.xml:17:13-56
35            android:exported="false" />
35-->src\main\AndroidManifest.xml:18:13-37
36        <activity
36-->src\main\AndroidManifest.xml:19:9-21:40
37            android:name="com.example.nkbtradesphere.ui.auth.ResetPasswordActivity"
37-->src\main\AndroidManifest.xml:20:13-58
38            android:exported="false" />
38-->src\main\AndroidManifest.xml:21:13-37
39        <activity
39-->src\main\AndroidManifest.xml:22:9-24:40
40            android:name="com.example.nkbtradesphere.ui.auth.CreateProfileActivity"
40-->src\main\AndroidManifest.xml:23:13-58
41            android:exported="false" />
41-->src\main\AndroidManifest.xml:24:13-37
42        <activity
42-->src\main\AndroidManifest.xml:25:9-27:40
43            android:name="com.example.nkbtradesphere.ui.auth.LoginActivity"
43-->src\main\AndroidManifest.xml:26:13-50
44            android:exported="false" />
44-->src\main\AndroidManifest.xml:27:13-37
45        <activity
45-->src\main\AndroidManifest.xml:28:9-30:40
46            android:name="com.example.nkbtradesphere.ui.profile.ProfileEditActivity"
46-->src\main\AndroidManifest.xml:29:13-59
47            android:exported="false" />
47-->src\main\AndroidManifest.xml:30:13-37
48        <activity
48-->src\main\AndroidManifest.xml:31:9-33:40
49            android:name="com.example.nkbtradesphere.ui.onboarding.InterestsOnboardingActivity"
49-->src\main\AndroidManifest.xml:32:13-70
50            android:exported="false" />
50-->src\main\AndroidManifest.xml:33:13-37
51        <activity
51-->src\main\AndroidManifest.xml:34:9-36:40
52            android:name="com.example.nkbtradesphere.ui.onboarding.OnboardingInterestScreen"
52-->src\main\AndroidManifest.xml:35:13-67
53            android:exported="false" />
53-->src\main\AndroidManifest.xml:36:13-37
54        <activity
54-->src\main\AndroidManifest.xml:37:9-44:20
55            android:name="com.example.nkbtradesphere.ui.welcome.WelcomeActivity"
55-->src\main\AndroidManifest.xml:38:13-55
56            android:exported="true" >
56-->src\main\AndroidManifest.xml:39:13-36
57            <intent-filter>
57-->src\main\AndroidManifest.xml:40:13-43:29
58                <action android:name="android.intent.action.MAIN" />
58-->src\main\AndroidManifest.xml:41:17-69
58-->src\main\AndroidManifest.xml:41:25-66
59
60                <category android:name="android.intent.category.LAUNCHER" />
60-->src\main\AndroidManifest.xml:42:17-77
60-->src\main\AndroidManifest.xml:42:27-74
61            </intent-filter>
62        </activity>
63        <activity
63-->src\main\AndroidManifest.xml:45:9-49:20
64            android:name="com.example.nkbtradesphere.ui.main.MainActivity"
64-->src\main\AndroidManifest.xml:46:13-49
65            android:exported="true" >
65-->src\main\AndroidManifest.xml:47:13-36
66        </activity>
67        <activity
67-->src\main\AndroidManifest.xml:50:9-52:40
68            android:name="com.example.nkbtradesphere.ui.product.ProductDetailActivity"
68-->src\main\AndroidManifest.xml:51:13-61
69            android:exported="false" />
69-->src\main\AndroidManifest.xml:52:13-37
70        <activity
70-->src\main\AndroidManifest.xml:53:9-55:40
71            android:name="com.example.nkbtradesphere.ui.product.CheckoutActivity"
71-->src\main\AndroidManifest.xml:54:13-56
72            android:exported="false" />
72-->src\main\AndroidManifest.xml:55:13-37
73        <activity
73-->src\main\AndroidManifest.xml:56:9-58:40
74            android:name="com.example.nkbtradesphere.ui.home.AllCategoriesActivity"
74-->src\main\AndroidManifest.xml:57:13-58
75            android:exported="false" />
75-->src\main\AndroidManifest.xml:58:13-37
76        <activity
76-->src\main\AndroidManifest.xml:59:9-61:40
77            android:name="com.example.nkbtradesphere.ui.home.CategoryListingsActivity"
77-->src\main\AndroidManifest.xml:60:13-61
78            android:exported="false" />
78-->src\main\AndroidManifest.xml:61:13-37
79        <activity
79-->src\main\AndroidManifest.xml:62:9-64:40
80            android:name="com.example.nkbtradesphere.ConversationDetailActivity"
80-->src\main\AndroidManifest.xml:63:13-55
81            android:exported="false" />
81-->src\main\AndroidManifest.xml:64:13-37
82        <activity
82-->src\main\AndroidManifest.xml:65:9-67:40
83            android:name="com.example.nkbtradesphere.NotificationCenterActivity"
83-->src\main\AndroidManifest.xml:66:13-55
84            android:exported="false" />
84-->src\main\AndroidManifest.xml:67:13-37
85        <activity
85-->src\main\AndroidManifest.xml:68:9-70:40
86            android:name="com.example.nkbtradesphere.MyListingsActivity"
86-->src\main\AndroidManifest.xml:69:13-47
87            android:exported="false" />
87-->src\main\AndroidManifest.xml:70:13-37
88        <activity
88-->src\main\AndroidManifest.xml:71:9-73:40
89            android:name="com.example.nkbtradesphere.SavedItemsActivity"
89-->src\main\AndroidManifest.xml:72:13-47
90            android:exported="false" />
90-->src\main\AndroidManifest.xml:73:13-37
91
92        <provider
92-->[androidx.emoji2:emoji2:1.3.0] AndroidManifest.xml:24:9-32:20
93            android:name="androidx.startup.InitializationProvider"
93-->[androidx.emoji2:emoji2:1.3.0] AndroidManifest.xml:25:13-67
94            android:authorities="com.example.nkbtradesphere.androidx-startup"
94-->[androidx.emoji2:emoji2:1.3.0] AndroidManifest.xml:26:13-68
95            android:exported="false" >
95-->[androidx.emoji2:emoji2:1.3.0] AndroidManifest.xml:27:13-37
96            <meta-data
96-->[androidx.emoji2:emoji2:1.3.0] AndroidManifest.xml:29:13-31:52
97                android:name="androidx.emoji2.text.EmojiCompatInitializer"
97-->[androidx.emoji2:emoji2:1.3.0] AndroidManifest.xml:30:17-75
98                android:value="androidx.startup" />
98-->[androidx.emoji2:emoji2:1.3.0] AndroidManifest.xml:31:17-49
99            <meta-data
99-->[androidx.lifecycle:lifecycle-process:2.6.2] AndroidManifest.xml:29:13-31:52
100                android:name="androidx.lifecycle.ProcessLifecycleInitializer"
100-->[androidx.lifecycle:lifecycle-process:2.6.2] AndroidManifest.xml:30:17-78
101                android:value="androidx.startup" />
101-->[androidx.lifecycle:lifecycle-process:2.6.2] AndroidManifest.xml:31:17-49
102            <meta-data
102-->[androidx.profileinstaller:profileinstaller:1.4.0] AndroidManifest.xml:29:13-31:52
103                android:name="androidx.profileinstaller.ProfileInstallerInitializer"
103-->[androidx.profileinstaller:profileinstaller:1.4.0] AndroidManifest.xml:30:17-85
104                android:value="androidx.startup" />
104-->[androidx.profileinstaller:profileinstaller:1.4.0] AndroidManifest.xml:31:17-49
105        </provider>
106
107        <receiver
107-->[androidx.profileinstaller:profileinstaller:1.4.0] AndroidManifest.xml:34:9-52:20
108            android:name="androidx.profileinstaller.ProfileInstallReceiver"
108-->[androidx.profileinstaller:profileinstaller:1.4.0] AndroidManifest.xml:35:13-76
109            android:directBootAware="false"
109-->[androidx.profileinstaller:profileinstaller:1.4.0] AndroidManifest.xml:36:13-44
110            android:enabled="true"
110-->[androidx.profileinstaller:profileinstaller:1.4.0] AndroidManifest.xml:37:13-35
111            android:exported="true"
111-->[androidx.profileinstaller:profileinstaller:1.4.0] AndroidManifest.xml:38:13-36
112            android:permission="android.permission.DUMP" >
112-->[androidx.profileinstaller:profileinstaller:1.4.0] AndroidManifest.xml:39:13-57
113            <intent-filter>
113-->[androidx.profileinstaller:profileinstaller:1.4.0] AndroidManifest.xml:40:13-42:29
114                <action android:name="androidx.profileinstaller.action.INSTALL_PROFILE" />
114-->[androidx.profileinstaller:profileinstaller:1.4.0] AndroidManifest.xml:41:17-91
114-->[androidx.profileinstaller:profileinstaller:1.4.0] AndroidManifest.xml:41:25-88
115            </intent-filter>
116            <intent-filter>
116-->[androidx.profileinstaller:profileinstaller:1.4.0] AndroidManifest.xml:43:13-45:29
117                <action android:name="androidx.profileinstaller.action.SKIP_FILE" />
117-->[androidx.profileinstaller:profileinstaller:1.4.0] AndroidManifest.xml:44:17-85
117-->[androidx.profileinstaller:profileinstaller:1.4.0] AndroidManifest.xml:44:25-82
118            </intent-filter>
119            <intent-filter>
119-->[androidx.profileinstaller:profileinstaller:1.4.0] AndroidManifest.xml:46:13-48:29
120                <action android:name="androidx.profileinstaller.action.SAVE_PROFILE" />
120-->[androidx.profileinstaller:profileinstaller:1.4.0] AndroidManifest.xml:47:17-88
120-->[androidx.profileinstaller:profileinstaller:1.4.0] AndroidManifest.xml:47:25-85
121            </intent-filter>
122            <intent-filter>
122-->[androidx.profileinstaller:profileinstaller:1.4.0] AndroidManifest.xml:49:13-51:29
123                <action android:name="androidx.profileinstaller.action.BENCHMARK_OPERATION" />
123-->[androidx.profileinstaller:profileinstaller:1.4.0] AndroidManifest.xml:50:17-95
123-->[androidx.profileinstaller:profileinstaller:1.4.0] AndroidManifest.xml:50:25-92
124            </intent-filter>
125        </receiver>
126    </application>
127
128</manifest>